<?xml version="1.0" encoding="UTF-8"?>
<testng-results ignored="0" total="12" passed="11" failed="1" skipped="0">
  <reporter-output>
  </reporter-output>
  <suite started-at="2022-07-09T12:36:54 IST" name="Suite" finished-at="2022-07-09T12:37:22 IST" duration-ms="27480">
    <groups>
    </groups>
    <test started-at="2022-07-09T12:36:54 IST" name="Validateloginfunctionality_edge" finished-at="2022-07-09T12:37:18 IST" duration-ms="23914">
      <class name="com.easbuy.tests.swaglabs">
        <test-method signature="openBrowser(java.lang.String)[pri:0, instance:com.easbuy.tests.swaglabs@4cc451f2]" started-at="2022-07-09T12:36:54 IST" name="openBrowser" finished-at="2022-07-09T12:37:10 IST" duration-ms="15359" status="PASS">
          <params>
            <param index="0">
              <value>
                <![CDATA[edge]]>
              </value>
            </param>
          </params>
          <reporter-output>
          </reporter-output>
        </test-method> <!-- openBrowser -->
        <test-method signature="launchapplication(java.lang.String)[pri:0, instance:com.easbuy.tests.swaglabs@4cc451f2]" started-at="2022-07-09T12:37:10 IST" name="launchapplication" finished-at="2022-07-09T12:37:14 IST" duration-ms="4724" status="PASS">
          <params>
            <param index="0">
              <value>
                <![CDATA[https://www.saucedemo.com]]>
              </value>
            </param>
          </params>
          <reporter-output>
          </reporter-output>
        </test-method> <!-- launchapplication -->
        <test-method signature="enterUsernameandPassword(java.lang.String,java.lang.String)[pri:0, instance:com.easbuy.tests.swaglabs@4cc451f2]" started-at="2022-07-09T12:37:14 IST" name="enterUsernameandPassword" finished-at="2022-07-09T12:37:16 IST" duration-ms="1634" status="PASS">
          <params>
            <param index="0">
              <value>
                <![CDATA[standard_user]]>
              </value>
            </param>
            <param index="1">
              <value>
                <![CDATA[secret_sauce]]>
              </value>
            </param>
          </params>
          <reporter-output>
          </reporter-output>
        </test-method> <!-- enterUsernameandPassword -->
        <test-method signature="clickLogin()[pri:0, instance:com.easbuy.tests.swaglabs@4cc451f2]" started-at="2022-07-09T12:37:16 IST" name="clickLogin" finished-at="2022-07-09T12:37:17 IST" duration-ms="973" status="PASS">
          <reporter-output>
          </reporter-output>
        </test-method> <!-- clickLogin -->
        <test-method signature="verifyLogin()[pri:0, instance:com.easbuy.tests.swaglabs@4cc451f2]" started-at="2022-07-09T12:37:17 IST" name="verifyLogin" finished-at="2022-07-09T12:37:18 IST" duration-ms="1058" status="PASS">
          <reporter-output>
          </reporter-output>
        </test-method> <!-- verifyLogin -->
      </class> <!-- com.easbuy.tests.swaglabs -->
    </test> <!-- Validateloginfunctionality_edge -->
    <test started-at="2022-07-09T12:36:54 IST" name="Validateloginfunctionality_chrome" finished-at="2022-07-09T12:37:22 IST" duration-ms="27479">
      <class name="com.easbuy.tests.swaglabs">
        <test-method signature="openBrowser(java.lang.String)[pri:0, instance:com.easbuy.tests.swaglabs@c33b74f]" started-at="2022-07-09T12:36:54 IST" name="openBrowser" finished-at="2022-07-09T12:37:10 IST" duration-ms="16080" status="PASS">
          <params>
            <param index="0">
              <value>
                <![CDATA[chrome]]>
              </value>
            </param>
          </params>
          <reporter-output>
          </reporter-output>
        </test-method> <!-- openBrowser -->
        <test-method signature="launchapplication(java.lang.String)[pri:0, instance:com.easbuy.tests.swaglabs@c33b74f]" started-at="2022-07-09T12:37:10 IST" name="launchapplication" finished-at="2022-07-09T12:37:15 IST" duration-ms="4551" status="PASS">
          <params>
            <param index="0">
              <value>
                <![CDATA[https://www.saucedemo.com]]>
              </value>
            </param>
          </params>
          <reporter-output>
          </reporter-output>
        </test-method> <!-- launchapplication -->
        <test-method signature="enterUsernameandPassword(java.lang.String,java.lang.String)[pri:0, instance:com.easbuy.tests.swaglabs@c33b74f]" started-at="2022-07-09T12:37:15 IST" name="enterUsernameandPassword" finished-at="2022-07-09T12:37:19 IST" duration-ms="4409" status="PASS">
          <params>
            <param index="0">
              <value>
                <![CDATA[standard_user]]>
              </value>
            </param>
            <param index="1">
              <value>
                <![CDATA[secret_sauce]]>
              </value>
            </param>
          </params>
          <reporter-output>
          </reporter-output>
        </test-method> <!-- enterUsernameandPassword -->
        <test-method signature="clickLogin()[pri:0, instance:com.easbuy.tests.swaglabs@c33b74f]" started-at="2022-07-09T12:37:19 IST" name="clickLogin" finished-at="2022-07-09T12:37:21 IST" duration-ms="1555" status="PASS">
          <reporter-output>
          </reporter-output>
        </test-method> <!-- clickLogin -->
        <test-method signature="verifyLogin()[pri:0, instance:com.easbuy.tests.swaglabs@c33b74f]" started-at="2022-07-09T12:37:21 IST" name="verifyLogin" finished-at="2022-07-09T12:37:22 IST" duration-ms="743" status="PASS">
          <reporter-output>
          </reporter-output>
        </test-method> <!-- verifyLogin -->
      </class> <!-- com.easbuy.tests.swaglabs -->
    </test> <!-- Validateloginfunctionality_chrome -->
  </suite> <!-- Suite -->
  <suite started-at="2022-07-09T12:37:22 IST" name="Suite (0)" finished-at="2022-07-09T12:37:55 IST" duration-ms="33590">
    <groups>
    </groups>
    <test started-at="2022-07-09T12:37:22 IST" name="Test" finished-at="2022-07-09T12:37:55 IST" duration-ms="33590">
      <class name="com.easbuy.tests.Sample_Test">
        <test-method signature="loginhrm()[pri:0, instance:com.easbuy.tests.Sample_Test@5b239d7d]" started-at="2022-07-09T12:37:22 IST" name="loginhrm" finished-at="2022-07-09T12:37:45 IST" duration-ms="23057" status="PASS">
          <reporter-output>
          </reporter-output>
        </test-method> <!-- loginhrm -->
        <test-method signature="loginswaglabs()[pri:0, instance:com.easbuy.tests.Sample_Test@5b239d7d]" started-at="2022-07-09T12:37:45 IST" name="loginswaglabs" finished-at="2022-07-09T12:37:55 IST" duration-ms="10246" status="FAIL">
          <exception class="java.lang.AssertionError">
            <message>
              <![CDATA[Test not matched did not expect [PRODUCTS] but found [PRODUCTS]]]>
            </message>
            <full-stacktrace>
              <![CDATA[java.lang.AssertionError: Test not matched did not expect [PRODUCTS] but found [PRODUCTS]
at org.testng.Assert.fail(Assert.java:110)
at org.testng.Assert.failEquals(Assert.java:1417)
at org.testng.Assert.assertNotEqualsImpl(Assert.java:156)
at org.testng.Assert.assertNotEquals(Assert.java:2033)
at com.easbuy.tests.Sample_Test.loginswaglabs(Sample_Test.java:41)
at java.base/jdk.internal.reflect.NativeMethodAccessorImpl.invoke0(Native Method)
at java.base/jdk.internal.reflect.NativeMethodAccessorImpl.invoke(NativeMethodAccessorImpl.java:77)
at java.base/jdk.internal.reflect.DelegatingMethodAccessorImpl.invoke(DelegatingMethodAccessorImpl.java:43)
at java.base/java.lang.reflect.Method.invoke(Method.java:568)
at org.testng.internal.invokers.MethodInvocationHelper.invokeMethod(MethodInvocationHelper.java:139)
at org.testng.internal.invokers.TestInvoker.invokeMethod(TestInvoker.java:677)
at org.testng.internal.invokers.TestInvoker.invokeTestMethod(TestInvoker.java:221)
at org.testng.internal.invokers.MethodRunner.runInSequence(MethodRunner.java:50)
at org.testng.internal.invokers.TestInvoker$MethodInvocationAgent.invoke(TestInvoker.java:962)
at org.testng.internal.invokers.TestInvoker.invokeTestMethods(TestInvoker.java:194)
at org.testng.internal.invokers.TestMethodWorker.invokeTestMethods(TestMethodWorker.java:148)
at org.testng.internal.invokers.TestMethodWorker.run(TestMethodWorker.java:128)
at java.base/java.util.concurrent.ThreadPoolExecutor.runWorker(ThreadPoolExecutor.java:1136)
at java.base/java.util.concurrent.ThreadPoolExecutor$Worker.run(ThreadPoolExecutor.java:635)
at java.base/java.lang.Thread.run(Thread.java:833)
]]>
            </full-stacktrace>
          </exception> <!-- java.lang.AssertionError -->
          <reporter-output>
          </reporter-output>
        </test-method> <!-- loginswaglabs -->
      </class> <!-- com.easbuy.tests.Sample_Test -->
    </test> <!-- Test -->
  </suite> <!-- Suite (0) -->
</testng-results>
