<?xml version="1.0" encoding="UTF-8"?>
<!-- Generated by org.testng.reporters.JUnitXMLReporter -->
<testsuite ignored="0" hostname="LAPTOP-0PLB3QLT" failures="1" tests="2" name="Test" time="33.59" errors="0" timestamp="2022-07-09T12:37:55 IST">
  <testcase classname="com.easbuy.tests.Sample_Test" name="loginhrm" time="23.057"/>
  <testcase classname="com.easbuy.tests.Sample_Test" name="loginswaglabs" time="10.246">
    <failure type="java.lang.AssertionError" message="Test not matched did not expect [PRODUCTS] but found [PRODUCTS]">
      <![CDATA[java.lang.AssertionError: Test not matched did not expect [PRODUCTS] but found [PRODUCTS]
at com.easbuy.tests.Sample_Test.loginswaglabs(Sample_Test.java:41)
at java.base/java.util.concurrent.ThreadPoolExecutor.runWorker(ThreadPoolExecutor.java:1136)
at java.base/java.util.concurrent.ThreadPoolExecutor$Worker.run(ThreadPoolExecutor.java:635)
at java.base/java.lang.Thread.run(Thread.java:833)
... Removed 16 stack frames]]>
    </failure>
  </testcase> <!-- loginswaglabs -->
</testsuite> <!-- Test -->
